2021-04-21 18:35:11,702 INFO [dump-all-ok] application-dev.yml+DEFAULT_GROUP, 1608564564000, length=594, md5=c07e6f7321493f6d5390d0a08bffb75a

2021-04-21 18:35:11,705 INFO [dump-all-ok] boyue-gateway-dev.yml+DEFAULT_GROUP, 1616740327000, length=1293, md5=26ce8258ff915830d709bd7b4191973a

2021-04-21 18:35:11,705 INFO [dump-all-ok] boyue-auth-dev.yml+DEFAULT_GROUP, 1616740339000, length=82, md5=8e0c9a6753d6ccc524ad5ad4e22e58ba

2021-04-21 18:35:11,706 INFO [dump-all-ok] boyue-monitor-dev.yml+DEFAULT_GROUP, 1616740354000, length=145, md5=fbe8bd2a0f074b2b903e299bda50f904

2021-04-21 18:35:11,707 INFO [dump-all-ok] boyue-system-dev.yml+DEFAULT_GROUP, 1616739045000, length=2280, md5=7a4e69f1bf05f8b5efb41184f601b72c

2021-04-21 18:35:11,708 INFO [dump-all-ok] boyue-gen-dev.yml+DEFAULT_GROUP, 1616740375000, length=873, md5=3ec7d443fd4d9a9e681425860b14a9d0

2021-04-21 18:35:11,709 INFO [dump-all-ok] boyue-job-dev.yml+DEFAULT_GROUP, 1616740390000, length=647, md5=f3688726a56c7f2d00131d021cd43cfa

2021-04-21 18:35:11,710 INFO [dump-all-ok] boyue-file-dev.yml+DEFAULT_GROUP, 1608584519000, length=362, md5=5382b93f3d8059d6068c0501fdd41195

2021-04-21 18:35:11,710 INFO [dump-all-ok] sentinel-boyue-gateway+DEFAULT_GROUP, 1605830400000, length=715, md5=9f3a3069261598f74220bc47958ec252

2021-04-21 18:35:11,711 INFO [dump-all-ok] by-auth-dev+DEFAULT_GROUP, 1617936098000, length=692, md5=48bd741c6b64197bd9e5312b5e7b3eab

2021-04-21 18:35:11,712 INFO [dump-all-ok] by-config-dev+DEFAULT_GROUP, 1617936146000, length=524, md5=93683cb4692f74d5b25db96d4bf2d6d4

2021-04-21 18:35:11,713 INFO [dump-all-ok] by-item-dev+DEFAULT_GROUP, 1617936175000, length=696, md5=167a036f683e9460af22a1cb651fc012

2021-04-21 18:35:11,713 INFO [dump-all-ok] by-order-dev+DEFAULT_GROUP, 1617936216000, length=1005, md5=ca826e576beec916679f91d2abb46004

2021-04-21 18:35:11,714 INFO [dump-all-ok] by-oss-dev+DEFAULT_GROUP, 1617936241000, length=685, md5=1ef63cf603bf624150f29f929cdea33a

2021-04-21 18:35:11,715 INFO [dump-all-ok] by-page-dev+DEFAULT_GROUP, 1617936260000, length=385, md5=6b8cfdbb4d7566ff940550a125b17259

2021-04-21 18:35:11,716 INFO [dump-all-ok] by-schedule-dev+DEFAULT_GROUP, 1617936287000, length=536, md5=6fc208cb1370ee03c8ea110e09db3ede

2021-04-21 18:35:11,717 INFO [dump-all-ok] by-search-dev+DEFAULT_GROUP, 1617936320000, length=642, md5=10cccbd2dd500f692ba6a0798ffc601f

2021-04-21 18:35:11,717 INFO [dump-all-ok] by-seckill-dev+DEFAULT_GROUP, 1617936346000, length=970, md5=c35bdbf1bcf1387f82e33b0c42528606

2021-04-21 18:35:11,718 INFO [dump-all-ok] by-sendSMS-dev+DEFAULT_GROUP, 1617936376000, length=746, md5=d55ed7704279d8208437b687a4ac6fe4

2021-04-21 18:35:11,719 INFO [dump-all-ok] by-shopCart-dev+DEFAULT_GROUP, 1617936400000, length=510, md5=e0fbad06722b31bf2fa234ab16a016ad

2021-04-21 18:35:11,720 INFO [dump-all-ok] by-user-dev+DEFAULT_GROUP, 1617936423000, length=939, md5=b68e50e305f7a2985ec7b371c3f25903

2021-04-21 18:35:11,721 INFO [dump-all-ok] by-zuul-dev+DEFAULT_GROUP, 1617936449000, length=3140, md5=85ee5bd4fe45ace8d0029c11076bf1a7

2021-04-21 20:29:27,595 INFO [dump-all-ok] application-dev.yml+DEFAULT_GROUP, 1608564564000, length=594, md5=c07e6f7321493f6d5390d0a08bffb75a

2021-04-21 20:29:27,597 INFO [dump-all-ok] boyue-gateway-dev.yml+DEFAULT_GROUP, 1616740327000, length=1293, md5=26ce8258ff915830d709bd7b4191973a

2021-04-21 20:29:27,597 INFO [dump-all-ok] boyue-auth-dev.yml+DEFAULT_GROUP, 1616740339000, length=82, md5=8e0c9a6753d6ccc524ad5ad4e22e58ba

2021-04-21 20:29:27,598 INFO [dump-all-ok] boyue-monitor-dev.yml+DEFAULT_GROUP, 1616740354000, length=145, md5=fbe8bd2a0f074b2b903e299bda50f904

2021-04-21 20:29:27,600 INFO [dump-all-ok] boyue-system-dev.yml+DEFAULT_GROUP, 1616739045000, length=2280, md5=7a4e69f1bf05f8b5efb41184f601b72c

2021-04-21 20:29:27,603 INFO [dump-all-ok] boyue-gen-dev.yml+DEFAULT_GROUP, 1616740375000, length=873, md5=3ec7d443fd4d9a9e681425860b14a9d0

2021-04-21 20:29:27,604 INFO [dump-all-ok] boyue-job-dev.yml+DEFAULT_GROUP, 1616740390000, length=647, md5=f3688726a56c7f2d00131d021cd43cfa

2021-04-21 20:29:27,605 INFO [dump-all-ok] boyue-file-dev.yml+DEFAULT_GROUP, 1608584519000, length=362, md5=5382b93f3d8059d6068c0501fdd41195

2021-04-21 20:29:27,606 INFO [dump-all-ok] sentinel-boyue-gateway+DEFAULT_GROUP, 1605830400000, length=715, md5=9f3a3069261598f74220bc47958ec252

2021-04-21 20:29:27,608 INFO [dump-all-ok] by-auth-dev+DEFAULT_GROUP, 1617936098000, length=692, md5=48bd741c6b64197bd9e5312b5e7b3eab

2021-04-21 20:29:27,609 INFO [dump-all-ok] by-config-dev+DEFAULT_GROUP, 1617936146000, length=524, md5=93683cb4692f74d5b25db96d4bf2d6d4

2021-04-21 20:29:27,610 INFO [dump-all-ok] by-item-dev+DEFAULT_GROUP, 1617936175000, length=696, md5=167a036f683e9460af22a1cb651fc012

2021-04-21 20:29:27,611 INFO [dump-all-ok] by-order-dev+DEFAULT_GROUP, 1617936216000, length=1005, md5=ca826e576beec916679f91d2abb46004

2021-04-21 20:29:27,612 INFO [dump-all-ok] by-oss-dev+DEFAULT_GROUP, 1617936241000, length=685, md5=1ef63cf603bf624150f29f929cdea33a

2021-04-21 20:29:27,612 INFO [dump-all-ok] by-page-dev+DEFAULT_GROUP, 1617936260000, length=385, md5=6b8cfdbb4d7566ff940550a125b17259

2021-04-21 20:29:27,613 INFO [dump-all-ok] by-schedule-dev+DEFAULT_GROUP, 1617936287000, length=536, md5=6fc208cb1370ee03c8ea110e09db3ede

2021-04-21 20:29:27,614 INFO [dump-all-ok] by-search-dev+DEFAULT_GROUP, 1617936320000, length=642, md5=10cccbd2dd500f692ba6a0798ffc601f

2021-04-21 20:29:27,616 INFO [dump-all-ok] by-seckill-dev+DEFAULT_GROUP, 1617936346000, length=970, md5=c35bdbf1bcf1387f82e33b0c42528606

2021-04-21 20:29:27,617 INFO [dump-all-ok] by-sendSMS-dev+DEFAULT_GROUP, 1617936376000, length=746, md5=d55ed7704279d8208437b687a4ac6fe4

2021-04-21 20:29:27,617 INFO [dump-all-ok] by-shopCart-dev+DEFAULT_GROUP, 1617936400000, length=510, md5=e0fbad06722b31bf2fa234ab16a016ad

2021-04-21 20:29:27,618 INFO [dump-all-ok] by-user-dev+DEFAULT_GROUP, 1617936423000, length=939, md5=b68e50e305f7a2985ec7b371c3f25903

2021-04-21 20:29:27,620 INFO [dump-all-ok] by-zuul-dev+DEFAULT_GROUP, 1617936449000, length=3140, md5=85ee5bd4fe45ace8d0029c11076bf1a7

