2021-02-02 15:13:32,038 INFO Starting Nacos v1.3.1 on DESKTOP-9C9B2J3 with PID 20068 (D:\GraduationProject\BoYue\boyue\nacos\target\nacos-server.jar started by Sun in D:\GraduationProject\BoYue\boyue\nacos\bin)

2021-02-02 15:13:32,039 INFO The following profiles are active: standalone

2021-02-02 15:13:47,640 INFO Bean 'org.springframework.security.config.annotation.configuration.ObjectPostProcessorConfiguration' of type [org.springframework.security.config.annotation.configuration.ObjectPostProcessorConfiguration$$EnhancerBySpringCGLIB$$628924ad] is not eligible for getting processed by all BeanPostProcessors (for example: not eligible for auto-proxying)

2021-02-02 15:13:47,800 INFO Bean 'objectPostProcessor' of type [org.springframework.security.config.annotation.configuration.AutowireBeanFactoryObjectPostProcessor] is not eligible for getting processed by all BeanPostProcessors (for example: not eligible for auto-proxying)

2021-02-02 15:13:47,818 INFO Bean 'org.springframework.security.access.expression.method.DefaultMethodSecurityExpressionHandler@7357a011' of type [org.springframework.security.access.expression.method.DefaultMethodSecurityExpressionHandler] is not eligible for getting processed by all BeanPostProcessors (for example: not eligible for auto-proxying)

2021-02-02 15:13:47,822 INFO Bean 'org.springframework.security.config.annotation.method.configuration.GlobalMethodSecurityConfiguration' of type [org.springframework.security.config.annotation.method.configuration.GlobalMethodSecurityConfiguration$$EnhancerBySpringCGLIB$$875dc75f] is not eligible for getting processed by all BeanPostProcessors (for example: not eligible for auto-proxying)

2021-02-02 15:13:47,831 INFO Bean 'methodSecurityMetadataSource' of type [org.springframework.security.access.method.DelegatingMethodSecurityMetadataSource] is not eligible for getting processed by all BeanPostProcessors (for example: not eligible for auto-proxying)

2021-02-02 15:13:49,184 INFO Tomcat initialized with port(s): 8848 (http)

2021-02-02 15:13:49,212 INFO Starting service [Tomcat]

2021-02-02 15:13:49,212 INFO Starting Servlet Engine: Apache Tomcat/9.0.13

2021-02-02 15:13:49,236 INFO An older version [1.2.16] of the APR based Apache Tomcat Native library is installed, while Tomcat recommends a minimum version of [1.2.18]

2021-02-02 15:13:49,236 INFO Loaded APR based Apache Tomcat Native library [1.2.16] using APR version [1.6.3].

2021-02-02 15:13:49,236 INFO APR capabilities: IPv6 [true], sendfile [true], accept filters [false], random [true].

2021-02-02 15:13:49,236 INFO APR/OpenSSL configuration: useAprConnector [false], useOpenSSL [true]

2021-02-02 15:13:50,442 INFO OpenSSL successfully initialized [OpenSSL 1.0.2m  2 Nov 2017]

2021-02-02 15:13:50,882 INFO Initializing Spring embedded WebApplicationContext

2021-02-02 15:13:50,882 INFO Root WebApplicationContext: initialization completed in 18600 ms

2021-02-02 15:13:53,733 WARN HikariPool-1 - idleTimeout has been set but has no effect because the pool is operating as a fixed size pool.

2021-02-02 15:13:53,733 INFO HikariPool-1 - Starting...

2021-02-02 15:13:53,745 WARN Registered driver with driverClassName=org.apache.derby.jdbc.EmbeddedDriver was not found, trying direct instantiation.

2021-02-02 15:13:56,573 INFO HikariPool-1 - Driver does not support get/set network timeout for connections. (Feature not implemented: No details.)

2021-02-02 15:13:56,601 INFO HikariPool-1 - Start completed.

2021-02-02 15:14:01,914 INFO Nacos-related cluster resource initialization

2021-02-02 15:14:01,928 INFO The cluster resource is initialized

2021-02-02 15:14:02,897 INFO Reflections took 121 ms to scan 1 urls, producing 6 keys and 24 values 

2021-02-02 15:14:02,937 INFO Reflections took 5 ms to scan 1 urls, producing 2 keys and 12 values 

2021-02-02 15:14:02,947 INFO Reflections took 7 ms to scan 1 urls, producing 3 keys and 15 values 

2021-02-02 15:14:05,789 INFO Initializing ExecutorService 'applicationTaskExecutor'

2021-02-02 15:14:06,045 INFO Adding welcome page: class path resource [static/index.html]

2021-02-02 15:14:07,339 INFO Creating filter chain: Ant [pattern='/**'], []

2021-02-02 15:14:07,419 INFO Creating filter chain: any request, [org.springframework.security.web.context.request.async.WebAsyncManagerIntegrationFilter@64712be, org.springframework.security.web.context.SecurityContextPersistenceFilter@72b16078, org.springframework.security.web.header.HeaderWriterFilter@47428937, org.springframework.security.web.csrf.CsrfFilter@64da2a7, org.springframework.security.web.authentication.logout.LogoutFilter@6ea1bcdc, org.springframework.security.web.savedrequest.RequestCacheAwareFilter@70fab835, org.springframework.security.web.servletapi.SecurityContextHolderAwareRequestFilter@32057e6, org.springframework.security.web.authentication.AnonymousAuthenticationFilter@53499d85, org.springframework.security.web.session.SessionManagementFilter@7caa550, org.springframework.security.web.access.ExceptionTranslationFilter@d78795]

2021-02-02 15:14:07,855 INFO Exposing 2 endpoint(s) beneath base path '/actuator'

2021-02-02 15:14:07,880 INFO Initializing ExecutorService 'taskScheduler'

2021-02-02 15:14:08,170 INFO Tomcat started on port(s): 8848 (http) with context path '/nacos'

2021-02-02 15:14:08,195 INFO Started Nacos in 39.626 seconds (JVM running for 41.739)

2021-02-02 15:14:08,195 INFO Nacos Log files: D:\GraduationProject\BoYue\boyue\nacos\logs

2021-02-02 15:14:08,198 INFO Nacos Log files: D:\GraduationProject\BoYue\boyue\nacos\conf

2021-02-02 15:14:08,198 INFO Nacos Log files: D:\GraduationProject\BoYue\boyue\nacos\data

2021-02-02 15:14:08,198 INFO Nacos started successfully in stand alone mode. use embedded storage

2021-02-02 15:14:36,731 INFO Initializing Spring DispatcherServlet 'dispatcherServlet'

2021-02-02 15:14:36,732 INFO Initializing Servlet 'dispatcherServlet'

2021-02-02 15:14:36,746 INFO Completed initialization in 13 ms

2021-02-02 15:24:03,476 INFO [capacityManagement] start correct usage

2021-02-02 15:24:04,222 WARN clearConfigHistory start

2021-02-02 15:24:04,378 INFO [capacityManagement] end correct usage, cost: 0s

2021-02-02 15:34:04,392 INFO [capacityManagement] start correct usage

2021-02-02 15:34:04,394 INFO [capacityManagement] end correct usage, cost: 0s

2021-02-02 15:34:04,981 WARN clearConfigHistory start

2021-02-02 15:44:04,404 INFO [capacityManagement] start correct usage

2021-02-02 15:44:04,404 INFO [capacityManagement] end correct usage, cost: 0s

2021-02-02 15:44:04,987 WARN clearConfigHistory start

2021-02-02 15:54:04,410 INFO [capacityManagement] start correct usage

2021-02-02 15:54:04,411 INFO [capacityManagement] end correct usage, cost: 0s

2021-02-02 15:54:04,990 WARN clearConfigHistory start

2021-02-02 16:04:04,427 INFO [capacityManagement] start correct usage

2021-02-02 16:04:04,428 INFO [capacityManagement] end correct usage, cost: 0s

2021-02-02 16:04:04,996 WARN clearConfigHistory start

2021-02-02 16:14:04,440 INFO [capacityManagement] start correct usage

2021-02-02 16:14:04,441 INFO [capacityManagement] end correct usage, cost: 0s

2021-02-02 16:14:05,011 WARN clearConfigHistory start

2021-02-02 16:24:04,446 INFO [capacityManagement] start correct usage

2021-02-02 16:24:04,447 INFO [capacityManagement] end correct usage, cost: 0s

2021-02-02 16:24:05,015 WARN clearConfigHistory start

2021-02-02 16:34:04,450 INFO [capacityManagement] start correct usage

2021-02-02 16:34:04,450 INFO [capacityManagement] end correct usage, cost: 0s

2021-02-02 16:34:05,020 WARN clearConfigHistory start

2021-02-02 16:44:04,453 INFO [capacityManagement] start correct usage

2021-02-02 16:44:04,454 INFO [capacityManagement] end correct usage, cost: 0s

2021-02-02 16:44:05,037 WARN clearConfigHistory start

2021-02-02 16:54:04,466 INFO [capacityManagement] start correct usage

2021-02-02 16:54:04,466 INFO [capacityManagement] end correct usage, cost: 0s

2021-02-02 16:54:05,046 WARN clearConfigHistory start

2021-02-02 17:04:04,474 INFO [capacityManagement] start correct usage

2021-02-02 17:04:04,475 INFO [capacityManagement] end correct usage, cost: 0s

2021-02-02 17:04:05,060 WARN clearConfigHistory start

2021-02-02 17:14:04,484 INFO [capacityManagement] start correct usage

2021-02-02 17:14:04,484 INFO [capacityManagement] end correct usage, cost: 0s

2021-02-02 17:14:05,072 WARN clearConfigHistory start

2021-02-02 17:24:04,497 INFO [capacityManagement] start correct usage

2021-02-02 17:24:04,498 INFO [capacityManagement] end correct usage, cost: 0s

2021-02-02 17:24:05,081 WARN clearConfigHistory start

2021-02-02 17:34:04,499 INFO [capacityManagement] start correct usage

2021-02-02 17:34:04,500 INFO [capacityManagement] end correct usage, cost: 0s

2021-02-02 17:34:05,096 WARN clearConfigHistory start

2021-02-02 17:44:04,506 INFO [capacityManagement] start correct usage

2021-02-02 17:44:04,506 INFO [capacityManagement] end correct usage, cost: 0s

2021-02-02 17:44:05,102 WARN clearConfigHistory start

2021-02-02 17:54:04,519 INFO [capacityManagement] start correct usage

2021-02-02 17:54:04,520 INFO [capacityManagement] end correct usage, cost: 0s

2021-02-02 17:54:05,115 WARN clearConfigHistory start

2021-02-02 18:04:04,535 INFO [capacityManagement] start correct usage

2021-02-02 18:04:04,535 INFO [capacityManagement] end correct usage, cost: 0s

2021-02-02 18:04:05,116 WARN clearConfigHistory start

2021-02-02 18:14:04,544 INFO [capacityManagement] start correct usage

2021-02-02 18:14:04,544 INFO [capacityManagement] end correct usage, cost: 0s

2021-02-02 18:14:05,123 WARN clearConfigHistory start

2021-02-02 18:24:04,556 INFO [capacityManagement] start correct usage

2021-02-02 18:24:04,556 INFO [capacityManagement] end correct usage, cost: 0s

2021-02-02 18:24:05,124 WARN clearConfigHistory start

2021-02-02 18:37:12,961 INFO Starting Nacos v1.3.1 on DESKTOP-9C9B2J3 with PID 6036 (D:\GraduationProject\BoYue\boyue\nacos\target\nacos-server.jar started by Sun in D:\GraduationProject\BoYue\boyue\nacos\bin)

2021-02-02 18:37:12,962 INFO The following profiles are active: standalone

2021-02-02 18:37:27,165 INFO Bean 'org.springframework.security.config.annotation.configuration.ObjectPostProcessorConfiguration' of type [org.springframework.security.config.annotation.configuration.ObjectPostProcessorConfiguration$$EnhancerBySpringCGLIB$$35a541fa] is not eligible for getting processed by all BeanPostProcessors (for example: not eligible for auto-proxying)

2021-02-02 18:37:27,332 INFO Bean 'objectPostProcessor' of type [org.springframework.security.config.annotation.configuration.AutowireBeanFactoryObjectPostProcessor] is not eligible for getting processed by all BeanPostProcessors (for example: not eligible for auto-proxying)

2021-02-02 18:37:27,353 INFO Bean 'org.springframework.security.access.expression.method.DefaultMethodSecurityExpressionHandler@10f7f7de' of type [org.springframework.security.access.expression.method.DefaultMethodSecurityExpressionHandler] is not eligible for getting processed by all BeanPostProcessors (for example: not eligible for auto-proxying)

2021-02-02 18:37:27,354 INFO Bean 'org.springframework.security.config.annotation.method.configuration.GlobalMethodSecurityConfiguration' of type [org.springframework.security.config.annotation.method.configuration.GlobalMethodSecurityConfiguration$$EnhancerBySpringCGLIB$$5a79e4ac] is not eligible for getting processed by all BeanPostProcessors (for example: not eligible for auto-proxying)

2021-02-02 18:37:27,359 INFO Bean 'methodSecurityMetadataSource' of type [org.springframework.security.access.method.DelegatingMethodSecurityMetadataSource] is not eligible for getting processed by all BeanPostProcessors (for example: not eligible for auto-proxying)

2021-02-02 18:37:28,651 INFO Tomcat initialized with port(s): 8848 (http)

2021-02-02 18:37:28,679 INFO Starting service [Tomcat]

2021-02-02 18:37:28,679 INFO Starting Servlet Engine: Apache Tomcat/9.0.13

2021-02-02 18:37:28,700 INFO An older version [1.2.16] of the APR based Apache Tomcat Native library is installed, while Tomcat recommends a minimum version of [1.2.18]

2021-02-02 18:37:28,700 INFO Loaded APR based Apache Tomcat Native library [1.2.16] using APR version [1.6.3].

2021-02-02 18:37:28,700 INFO APR capabilities: IPv6 [true], sendfile [true], accept filters [false], random [true].

2021-02-02 18:37:28,700 INFO APR/OpenSSL configuration: useAprConnector [false], useOpenSSL [true]

2021-02-02 18:37:29,751 INFO OpenSSL successfully initialized [OpenSSL 1.0.2m  2 Nov 2017]

2021-02-02 18:37:30,054 INFO Initializing Spring embedded WebApplicationContext

2021-02-02 18:37:30,055 INFO Root WebApplicationContext: initialization completed in 16879 ms

2021-02-02 18:37:31,941 WARN HikariPool-1 - idleTimeout has been set but has no effect because the pool is operating as a fixed size pool.

2021-02-02 18:37:31,941 INFO HikariPool-1 - Starting...

2021-02-02 18:37:31,951 WARN Registered driver with driverClassName=org.apache.derby.jdbc.EmbeddedDriver was not found, trying direct instantiation.

2021-02-02 18:37:33,740 INFO HikariPool-1 - Driver does not support get/set network timeout for connections. (Feature not implemented: No details.)

2021-02-02 18:37:33,757 INFO HikariPool-1 - Start completed.

2021-02-02 18:37:37,896 INFO Nacos-related cluster resource initialization

2021-02-02 18:37:37,909 INFO The cluster resource is initialized

2021-02-02 18:37:38,536 INFO Reflections took 69 ms to scan 1 urls, producing 6 keys and 24 values 

2021-02-02 18:37:38,575 INFO Reflections took 4 ms to scan 1 urls, producing 2 keys and 12 values 

2021-02-02 18:37:38,583 INFO Reflections took 5 ms to scan 1 urls, producing 3 keys and 15 values 

2021-02-02 18:37:41,022 INFO Initializing ExecutorService 'applicationTaskExecutor'

2021-02-02 18:37:41,336 INFO Adding welcome page: class path resource [static/index.html]

2021-02-02 18:37:42,562 INFO Creating filter chain: Ant [pattern='/**'], []

2021-02-02 18:37:42,641 INFO Creating filter chain: any request, [org.springframework.security.web.context.request.async.WebAsyncManagerIntegrationFilter@60cf80e7, org.springframework.security.web.context.SecurityContextPersistenceFilter@5ae81e1, org.springframework.security.web.header.HeaderWriterFilter@30ed9c6c, org.springframework.security.web.csrf.CsrfFilter@6ea1bcdc, org.springframework.security.web.authentication.logout.LogoutFilter@2a2da905, org.springframework.security.web.savedrequest.RequestCacheAwareFilter@5ae76500, org.springframework.security.web.servletapi.SecurityContextHolderAwareRequestFilter@355e34c7, org.springframework.security.web.authentication.AnonymousAuthenticationFilter@302fec27, org.springframework.security.web.session.SessionManagementFilter@46c670a6, org.springframework.security.web.access.ExceptionTranslationFilter@64712be]

2021-02-02 18:37:42,993 INFO Exposing 2 endpoint(s) beneath base path '/actuator'

2021-02-02 18:37:43,020 INFO Initializing ExecutorService 'taskScheduler'

2021-02-02 18:37:43,267 INFO Tomcat started on port(s): 8848 (http) with context path '/nacos'

2021-02-02 18:37:43,277 INFO Started Nacos in 33.232 seconds (JVM running for 35.922)

2021-02-02 18:37:43,277 INFO Nacos Log files: D:\GraduationProject\BoYue\boyue\nacos\logs

2021-02-02 18:37:43,285 INFO Nacos Log files: D:\GraduationProject\BoYue\boyue\nacos\conf

2021-02-02 18:37:43,286 INFO Nacos Log files: D:\GraduationProject\BoYue\boyue\nacos\data

2021-02-02 18:37:43,286 INFO Nacos started successfully in stand alone mode. use embedded storage

2021-02-02 18:38:38,599 INFO Initializing Spring DispatcherServlet 'dispatcherServlet'

2021-02-02 18:38:38,600 INFO Initializing Servlet 'dispatcherServlet'

2021-02-02 18:38:38,614 INFO Completed initialization in 13 ms

2021-02-02 18:47:38,983 INFO [capacityManagement] start correct usage

2021-02-02 18:47:39,038 INFO [capacityManagement] end correct usage, cost: 0s

2021-02-02 18:47:39,676 WARN clearConfigHistory start

2021-02-02 18:57:39,046 INFO [capacityManagement] start correct usage

2021-02-02 18:57:39,047 INFO [capacityManagement] end correct usage, cost: 0s

2021-02-02 18:57:39,735 WARN clearConfigHistory start

2021-02-02 19:07:39,056 INFO [capacityManagement] start correct usage

2021-02-02 19:07:39,057 INFO [capacityManagement] end correct usage, cost: 0s

2021-02-02 19:07:39,751 WARN clearConfigHistory start

