2021-04-21 20:29:37,915 INFO DEFAULT_GROUP@@user-service is changed, add it to push queue.

2021-04-21 20:30:42,237 INFO DEFAULT_GROUP@@auth-service is changed, add it to push queue.

2021-04-21 20:30:49,710 INFO DEFAULT_GROUP@@shopCart-service is changed, add it to push queue.

2021-04-21 20:31:06,241 INFO DEFAULT_GROUP@@oss-service is changed, add it to push queue.

2021-04-21 20:31:23,313 INFO DEFAULT_GROUP@@item-service is changed, add it to push queue.

2021-04-21 20:32:05,295 INFO DEFAULT_GROUP@@order-service is changed, add it to push queue.

2021-04-21 20:32:13,123 INFO DEFAULT_GROUP@@page-service is changed, add it to push queue.

2021-04-21 20:32:19,846 INFO DEFAULT_GROUP@@zuul-service is changed, add it to push queue.

2021-04-21 20:32:32,384 INFO DEFAULT_GROUP@@schedule-service is changed, add it to push queue.

2021-04-21 20:32:42,328 INFO DEFAULT_GROUP@@seckill-service is changed, add it to push queue.

2021-04-21 20:34:15,880 INFO DEFAULT_GROUP@@user-service is changed, add it to push queue.

2021-04-21 20:34:16,033 INFO DEFAULT_GROUP@@item-service is changed, add it to push queue.

2021-04-21 20:34:16,190 INFO DEFAULT_GROUP@@shopCart-service is changed, add it to push queue.

2021-04-21 20:34:16,375 INFO DEFAULT_GROUP@@auth-service is changed, add it to push queue.

2021-04-21 20:34:16,435 INFO DEFAULT_GROUP@@oss-service is changed, add it to push queue.

2021-04-21 20:34:16,807 INFO DEFAULT_GROUP@@zuul-service is changed, add it to push queue.

2021-04-21 20:34:16,839 INFO DEFAULT_GROUP@@seckill-service is changed, add it to push queue.

2021-04-21 20:34:16,918 INFO DEFAULT_GROUP@@schedule-service is changed, add it to push queue.

2021-04-21 20:34:33,318 INFO DEFAULT_GROUP@@page-service is changed, add it to push queue.

2021-04-21 20:34:35,559 INFO DEFAULT_GROUP@@order-service is changed, add it to push queue.

2021-04-21 20:34:43,546 INFO DEFAULT_GROUP@@page-service is changed, add it to push queue.

2021-04-21 20:34:50,596 INFO DEFAULT_GROUP@@order-service is changed, add it to push queue.

