2021-01-29 00:01:55,079 INFO PERFORMANCE:|6|6|-1|-1

2021-01-29 00:06:55,082 INFO PERFORMANCE:|6|6|-1|-1

2021-01-29 00:11:55,090 INFO PERFORMANCE:|6|6|-1|-1

2021-01-29 00:16:55,096 INFO PERFORMANCE:|6|6|3|2

2021-01-29 00:21:55,101 INFO PERFORMANCE:|6|4|3|2

2021-01-29 00:26:55,107 INFO PERFORMANCE:|6|4|-1|-1

2021-01-29 00:31:55,112 INFO PERFORMANCE:|6|5|-1|-1

2021-01-29 00:36:55,123 INFO PERFORMANCE:|6|6|2|2

2021-01-29 00:41:55,135 INFO PERFORMANCE:|6|6|-1|-1

2021-01-29 14:35:28,616 INFO PERFORMANCE:|0|0|-1|-1

2021-01-29 14:40:28,624 INFO PERFORMANCE:|0|0|-1|-1

2021-01-29 14:45:28,634 INFO PERFORMANCE:|0|0|-1|-1

2021-01-29 14:50:28,643 INFO PERFORMANCE:|0|0|-1|-1

2021-01-29 14:55:28,655 INFO PERFORMANCE:|0|0|-1|-1

2021-01-29 15:00:28,655 INFO PERFORMANCE:|0|0|-1|-1

2021-01-29 15:05:28,671 INFO PERFORMANCE:|0|0|-1|-1

2021-01-29 15:10:28,678 INFO PERFORMANCE:|0|0|-1|-1

2021-01-29 15:15:28,692 INFO PERFORMANCE:|0|0|-1|-1

2021-01-29 15:20:28,694 INFO PERFORMANCE:|1|1|-1|-1

2021-01-29 15:25:28,703 INFO PERFORMANCE:|1|1|-1|-1

2021-01-29 15:30:28,706 INFO PERFORMANCE:|3|2|-1|-1

2021-01-29 15:35:28,721 INFO PERFORMANCE:|7|7|-1|-1

2021-01-29 15:40:28,722 INFO PERFORMANCE:|7|7|0|-1

2021-01-29 15:45:28,733 INFO PERFORMANCE:|7|7|-1|-1

2021-01-29 15:50:28,743 INFO PERFORMANCE:|7|7|-1|-1

2021-01-29 15:55:28,758 INFO PERFORMANCE:|7|7|-1|-1

2021-01-29 16:00:28,769 INFO PERFORMANCE:|7|7|-1|-1

2021-01-29 16:05:28,782 INFO PERFORMANCE:|7|5|-1|-1

2021-01-29 16:10:28,793 INFO PERFORMANCE:|7|7|-1|-1

2021-01-29 16:15:28,795 INFO PERFORMANCE:|7|7|-1|-1

2021-01-29 16:17:11,925 INFO PERFORMANCE:|7|2|3|3

2021-01-29 16:22:11,939 INFO PERFORMANCE:|7|7|-1|-1

2021-01-29 16:27:11,943 INFO PERFORMANCE:|7|7|-1|-1

2021-01-29 16:34:53,858 INFO PERFORMANCE:|6|6|-1|-1

2021-01-29 16:39:53,864 INFO PERFORMANCE:|6|6|-1|-1

2021-01-29 16:44:53,872 INFO PERFORMANCE:|5|5|-1|-1

2021-01-29 16:49:53,874 INFO PERFORMANCE:|5|5|-1|-1

2021-01-29 16:54:53,885 INFO PERFORMANCE:|5|5|-1|-1

2021-01-29 16:59:55,225 INFO PERFORMANCE:|5|5|-1|-1

2021-01-29 17:04:55,233 INFO PERFORMANCE:|5|4|3|3

2021-01-29 17:10:22,752 INFO PERFORMANCE:|1|1|-1|-1

2021-01-29 17:15:22,766 INFO PERFORMANCE:|6|6|-1|-1

2021-01-29 17:20:22,771 INFO PERFORMANCE:|6|6|-1|-1

2021-01-29 17:25:22,773 INFO PERFORMANCE:|6|6|-1|-1

2021-01-29 17:30:22,782 INFO PERFORMANCE:|6|6|-1|-1

2021-01-29 17:35:22,783 INFO PERFORMANCE:|6|6|-1|-1

2021-01-29 17:40:22,785 INFO PERFORMANCE:|6|6|-1|-1

2021-01-29 17:45:22,800 INFO PERFORMANCE:|6|6|-1|-1

2021-01-29 17:50:22,814 INFO PERFORMANCE:|6|6|-1|-1

2021-01-29 17:55:22,815 INFO PERFORMANCE:|6|6|-1|-1

2021-01-29 18:00:22,819 INFO PERFORMANCE:|6|6|-1|-1

2021-01-29 18:05:22,833 INFO PERFORMANCE:|6|6|-1|-1

2021-01-29 18:10:22,838 INFO PERFORMANCE:|6|6|-1|-1

2021-01-29 18:15:22,840 INFO PERFORMANCE:|6|6|-1|-1

2021-01-29 18:20:22,846 INFO PERFORMANCE:|6|6|-1|-1

2021-01-29 18:25:22,858 INFO PERFORMANCE:|6|6|-1|-1

2021-01-29 18:30:22,862 INFO PERFORMANCE:|6|5|-1|-1

2021-01-29 18:35:22,862 INFO PERFORMANCE:|6|6|-1|-1

2021-01-29 18:40:22,876 INFO PERFORMANCE:|5|5|-1|-1

2021-01-29 18:45:22,879 INFO PERFORMANCE:|6|6|-1|-1

2021-01-29 18:50:22,881 INFO PERFORMANCE:|6|6|-1|-1

2021-01-29 18:55:22,897 INFO PERFORMANCE:|6|6|-1|-1

2021-01-29 19:00:22,908 INFO PERFORMANCE:|6|6|-1|-1

2021-01-29 19:05:22,923 INFO PERFORMANCE:|6|6|-1|-1

2021-01-29 19:10:22,933 INFO PERFORMANCE:|6|6|-1|-1

2021-01-29 19:15:22,938 INFO PERFORMANCE:|6|5|-1|-1

2021-01-29 19:20:22,943 INFO PERFORMANCE:|6|6|-1|-1

2021-01-29 19:25:22,944 INFO PERFORMANCE:|0|0|-1|-1

2021-01-29 19:30:22,949 INFO PERFORMANCE:|6|6|-1|-1

2021-01-29 19:35:22,955 INFO PERFORMANCE:|5|5|-1|-1

2021-01-29 19:40:22,968 INFO PERFORMANCE:|6|5|-1|-1

2021-01-29 19:45:22,975 INFO PERFORMANCE:|6|6|-1|-1

2021-01-29 19:50:22,986 INFO PERFORMANCE:|6|6|-1|-1

2021-01-29 19:55:22,989 INFO PERFORMANCE:|6|5|-1|-1

2021-01-29 20:00:22,996 INFO PERFORMANCE:|6|6|-1|-1

